<?xml version="1.0" encoding="UTF-8"?>
<!-- Generated by org.testng.reporters.JUnitXMLReporter -->
<testsuite ignored="11" hostname="HK" failures="0" tests="10" name="chromeTest" time="93.238" errors="0" timestamp="2025-05-18T09:44:06 EDT">
  <testcase classname="testCases.TC02_Login" name="login" time="5.309"/>
  <testcase classname="testCases.TC02_Login" name="login" time="2.775"/>
  <testcase classname="testCases.TC02_Login" name="login" time="2.598"/>
  <testcase classname="testCases.TC02_Login" name="login" time="2.842"/>
  <testcase classname="testCases.TC02_Login" name="login" time="2.841"/>
  <testcase classname="testCases.TC01_LuanchBrowser" name="testLaunchApplication" time="0.02"/>
  <testcase classname="testCases.TC03_AddToCart" name="findProduct" time="4.288"/>
  <testcase classname="testCases.TC05_AddToWishList" name="login" time="4.554"/>
  <testcase classname="testCases.TC04_CompletePurshase" name="findProduct" time="3.542"/>
  <testcase classname="testCases.TC06_AddAffiliate" name="login" time="3.539"/>
  <testcase classname="testCases.TC04_CompletePurshase" name="order_validation" time="0.0">
    <ignored/>
  </testcase> <!-- order_validation -->
  <testcase classname="testCases.TC05_AddToWishList" name="confirm" time="0.0">
    <ignored/>
  </testcase> <!-- confirm -->
  <testcase classname="testCases.TC04_CompletePurshase" name="login" time="0.0">
    <ignored/>
  </testcase> <!-- login -->
  <testcase classname="testCases.TC05_AddToWishList" name="addToWishList" time="0.0">
    <ignored/>
  </testcase> <!-- addToWishList -->
  <testcase classname="testCases.TC05_AddToWishList" name="findProduct" time="0.0">
    <ignored/>
  </testcase> <!-- findProduct -->
  <testcase classname="testCases.TC04_CompletePurshase" name="addToTheCart" time="0.0">
    <ignored/>
  </testcase> <!-- addToTheCart -->
  <testcase classname="testCases.TC03_AddToCart" name="validation" time="0.0">
    <ignored/>
  </testcase> <!-- validation -->
  <testcase classname="testCases.TC06_AddAffiliate" name="confirm" time="0.0">
    <ignored/>
  </testcase> <!-- confirm -->
  <testcase classname="testCases.TC06_AddAffiliate" name="completeAffiliateForm" time="0.0">
    <ignored/>
  </testcase> <!-- completeAffiliateForm -->
  <testcase classname="testCases.TC04_CompletePurshase" name="checkout" time="0.0">
    <ignored/>
  </testcase> <!-- checkout -->
  <testcase classname="testCases.TC03_AddToCart" name="addToTheCart" time="0.0">
    <ignored/>
  </testcase> <!-- addToTheCart -->
</testsuite> <!-- chromeTest -->
