<?xml version="1.0" encoding="UTF-8"?>
<!-- Generated by org.testng.reporters.JUnitXMLReporter -->
<testsuite ignored="11" hostname="HK" failures="0" tests="10" name="edgeTest" time="103.202" errors="0" timestamp="2025-05-18T09:44:16 EDT">
  <testcase classname="testCases.TC02_Login" name="login" time="4.91"/>
  <testcase classname="testCases.TC02_Login" name="login" time="2.85"/>
  <testcase classname="testCases.TC02_Login" name="login" time="2.79"/>
  <testcase classname="testCases.TC02_Login" name="login" time="2.768"/>
  <testcase classname="testCases.TC02_Login" name="login" time="2.509"/>
  <testcase classname="testCases.TC01_LuanchBrowser" name="testLaunchApplication" time="0.015"/>
  <testcase classname="testCases.TC03_AddToCart" name="findProduct" time="3.665"/>
  <testcase classname="testCases.TC05_AddToWishList" name="login" time="4.472"/>
  <testcase classname="testCases.TC04_CompletePurshase" name="findProduct" time="3.994"/>
  <testcase classname="testCases.TC06_AddAffiliate" name="login" time="3.887"/>
  <testcase classname="testCases.TC05_AddToWishList" name="confirm" time="0.0">
    <ignored/>
  </testcase> <!-- confirm -->
  <testcase classname="testCases.TC06_AddAffiliate" name="confirm" time="0.0">
    <ignored/>
  </testcase> <!-- confirm -->
  <testcase classname="testCases.TC06_AddAffiliate" name="completeAffiliateForm" time="0.0">
    <ignored/>
  </testcase> <!-- completeAffiliateForm -->
  <testcase classname="testCases.TC04_CompletePurshase" name="login" time="0.0">
    <ignored/>
  </testcase> <!-- login -->
  <testcase classname="testCases.TC05_AddToWishList" name="addToWishList" time="0.0">
    <ignored/>
  </testcase> <!-- addToWishList -->
  <testcase classname="testCases.TC03_AddToCart" name="validation" time="0.0">
    <ignored/>
  </testcase> <!-- validation -->
  <testcase classname="testCases.TC04_CompletePurshase" name="addToTheCart" time="0.0">
    <ignored/>
  </testcase> <!-- addToTheCart -->
  <testcase classname="testCases.TC03_AddToCart" name="addToTheCart" time="0.0">
    <ignored/>
  </testcase> <!-- addToTheCart -->
  <testcase classname="testCases.TC05_AddToWishList" name="findProduct" time="0.0">
    <ignored/>
  </testcase> <!-- findProduct -->
  <testcase classname="testCases.TC04_CompletePurshase" name="order_validation" time="0.0">
    <ignored/>
  </testcase> <!-- order_validation -->
  <testcase classname="testCases.TC04_CompletePurshase" name="checkout" time="0.0">
    <ignored/>
  </testcase> <!-- checkout -->
</testsuite> <!-- edgeTest -->
