<?xml version="1.0" encoding="UTF-8"?>
<!-- Generated by org.testng.reporters.JUnitXMLReporter -->
<testsuite ignored="11" hostname="HK" failures="0" tests="10" name="chromeTest" time="109.211" errors="0" timestamp="2025-05-20T15:17:43 EDT">
  <testcase classname="testCases.TC02_Login" name="login" time="7.114"/>
  <testcase classname="testCases.TC02_Login" name="login" time="2.211"/>
  <testcase classname="testCases.TC02_Login" name="login" time="1.771"/>
  <testcase classname="testCases.TC02_Login" name="login" time="1.965"/>
  <testcase classname="testCases.TC02_Login" name="login" time="1.826"/>
  <testcase classname="testCases.TC01_LuanchBrowser" name="testLaunchApplication" time="0.012"/>
  <testcase classname="testCases.TC03_AddToCart" name="findProduct" time="3.438"/>
  <testcase classname="testCases.TC05_AddToWishList" name="login" time="3.692"/>
  <testcase classname="testCases.TC04_CompletePurshase" name="findProduct" time="14.829"/>
  <testcase classname="testCases.TC06_AddAffiliate" name="login" time="2.001"/>
  <testcase classname="testCases.TC05_AddToWishList" name="addToWishList" time="0.0">
    <ignored/>
  </testcase> <!-- addToWishList -->
  <testcase classname="testCases.TC04_CompletePurshase" name="login" time="0.0">
    <ignored/>
  </testcase> <!-- login -->
  <testcase classname="testCases.TC03_AddToCart" name="validation" time="0.0">
    <ignored/>
  </testcase> <!-- validation -->
  <testcase classname="testCases.TC06_AddAffiliate" name="completeAffiliateForm" time="0.0">
    <ignored/>
  </testcase> <!-- completeAffiliateForm -->
  <testcase classname="testCases.TC06_AddAffiliate" name="confirm" time="0.0">
    <ignored/>
  </testcase> <!-- confirm -->
  <testcase classname="testCases.TC04_CompletePurshase" name="checkout" time="0.0">
    <ignored/>
  </testcase> <!-- checkout -->
  <testcase classname="testCases.TC03_AddToCart" name="addToTheCart" time="0.0">
    <ignored/>
  </testcase> <!-- addToTheCart -->
  <testcase classname="testCases.TC04_CompletePurshase" name="order_validation" time="0.0">
    <ignored/>
  </testcase> <!-- order_validation -->
  <testcase classname="testCases.TC05_AddToWishList" name="confirm" time="0.0">
    <ignored/>
  </testcase> <!-- confirm -->
  <testcase classname="testCases.TC05_AddToWishList" name="findProduct" time="0.0">
    <ignored/>
  </testcase> <!-- findProduct -->
  <testcase classname="testCases.TC04_CompletePurshase" name="addToTheCart" time="0.0">
    <ignored/>
  </testcase> <!-- addToTheCart -->
</testsuite> <!-- chromeTest -->
